0 silly input [ 'publish' ]
1 silly flags { _: [ 'publish' ],
1 silly flags   'reject-cycles': false,
1 silly flags   rejectCycles: false,
1 silly flags   'skip-git': true,
1 silly flags   skipGit: true }
2 verbose rootPath /Users/vex/p/zuu
3 info version 2.11.0
4 silly isInitialized
5 silly isInitialized true
6 silly existsSync /Users/vex/p/zuu/VERSION
7 silly initialize attempt
8 info current version 4.0.1
9 silly getUpdates
10 info Checking for updated packages...
11 silly hasTags
12 verbose hasTags false
13 info Comparing with initial commit.
14 verbose updated __
15 verbose updated @zuu/bootstrap
16 verbose updated @zuu/ferret
17 verbose updated @zuu/mink
18 verbose updated @zuu/mirror
19 verbose updated @zuu/owl
20 verbose updated @zuu/vet
21 info Checking for prereleased packages...
22 silly collectDependents
23 silly isPackageDependentOf __ __
24 silly isPackageDependentOf @zuu/bootstrap __
25 silly isPackageDependentOf @zuu/ferret __
26 silly isPackageDependentOf @zuu/mirror __
27 silly isPackageDependentOf @zuu/mink __
28 silly isPackageDependentOf @zuu/mirror __
29 silly isPackageDependentOf @zuu/owl __
30 silly isPackageDependentOf @zuu/mirror __
31 silly isPackageDependentOf @zuu/vet __
32 silly isPackageDependentOf @zuu/mirror __
33 silly isPackageDependentOf @zuu/vet __
34 silly isPackageDependentOf @zuu/ferret __
35 silly isPackageDependentOf @zuu/mink __
36 silly isPackageDependentOf @zuu/mirror __
37 silly isPackageDependentOf @zuu/owl __
38 silly isPackageDependentOf @zuu/vet __
39 silly isPackageDependentOf __ @zuu/bootstrap
40 verbose dependent __ depends on @zuu/bootstrap
41 silly isPackageDependentOf __ @zuu/ferret
42 verbose dependent __ depends on @zuu/ferret
43 silly isPackageDependentOf __ @zuu/mink
44 verbose dependent __ depends on @zuu/mink
45 silly isPackageDependentOf __ @zuu/mirror
46 verbose dependent __ depends on @zuu/mirror
47 silly isPackageDependentOf __ @zuu/owl
48 verbose dependent __ depends on @zuu/owl
49 silly isPackageDependentOf __ @zuu/vet
50 verbose dependent __ depends on @zuu/vet
51 silly isPackageDependentOf @zuu/bootstrap __
52 silly isPackageDependentOf @zuu/bootstrap @zuu/bootstrap
53 silly isPackageDependentOf @zuu/ferret @zuu/bootstrap
54 silly isPackageDependentOf @zuu/mirror @zuu/bootstrap
55 silly isPackageDependentOf @zuu/mink @zuu/bootstrap
56 silly isPackageDependentOf @zuu/mirror @zuu/bootstrap
57 silly isPackageDependentOf @zuu/owl @zuu/bootstrap
58 silly isPackageDependentOf @zuu/mirror @zuu/bootstrap
59 silly isPackageDependentOf @zuu/vet @zuu/bootstrap
60 silly isPackageDependentOf @zuu/mirror @zuu/bootstrap
61 silly isPackageDependentOf @zuu/vet @zuu/bootstrap
62 silly isPackageDependentOf @zuu/bootstrap @zuu/ferret
63 verbose dependent @zuu/bootstrap depends on @zuu/ferret
64 silly isPackageDependentOf @zuu/bootstrap @zuu/mink
65 verbose dependent @zuu/bootstrap depends on @zuu/mink
66 silly isPackageDependentOf @zuu/bootstrap @zuu/mirror
67 verbose dependent @zuu/bootstrap depends on @zuu/mirror
68 silly isPackageDependentOf @zuu/bootstrap @zuu/owl
69 verbose dependent @zuu/bootstrap depends on @zuu/owl
70 silly isPackageDependentOf @zuu/bootstrap @zuu/vet
71 verbose dependent @zuu/bootstrap depends on @zuu/vet
72 silly isPackageDependentOf @zuu/ferret __
73 silly isPackageDependentOf @zuu/ferret @zuu/bootstrap
74 silly isPackageDependentOf @zuu/ferret @zuu/ferret
75 silly isPackageDependentOf @zuu/mirror @zuu/ferret
76 silly isPackageDependentOf @zuu/ferret @zuu/mink
77 silly isPackageDependentOf @zuu/mirror @zuu/mink
78 silly isPackageDependentOf @zuu/ferret @zuu/mirror
79 verbose dependent @zuu/ferret depends on @zuu/mirror
80 silly isPackageDependentOf @zuu/ferret @zuu/owl
81 silly isPackageDependentOf @zuu/mirror @zuu/owl
82 silly isPackageDependentOf @zuu/ferret @zuu/vet
83 silly isPackageDependentOf @zuu/mirror @zuu/vet
84 silly isPackageDependentOf @zuu/mink __
85 silly isPackageDependentOf @zuu/mink @zuu/bootstrap
86 silly isPackageDependentOf @zuu/mink @zuu/ferret
87 silly isPackageDependentOf @zuu/mink @zuu/mink
88 silly isPackageDependentOf @zuu/mink @zuu/mirror
89 silly isPackageDependentOf @zuu/mink @zuu/owl
90 silly isPackageDependentOf @zuu/mink @zuu/vet
91 silly isPackageDependentOf @zuu/mirror __
92 silly isPackageDependentOf @zuu/mirror @zuu/bootstrap
93 silly isPackageDependentOf @zuu/mirror @zuu/ferret
94 silly isPackageDependentOf @zuu/mirror @zuu/mink
95 silly isPackageDependentOf @zuu/mirror @zuu/mirror
96 silly isPackageDependentOf @zuu/mirror @zuu/owl
97 silly isPackageDependentOf @zuu/mirror @zuu/vet
98 silly isPackageDependentOf @zuu/owl __
99 silly isPackageDependentOf @zuu/owl @zuu/bootstrap
100 silly isPackageDependentOf @zuu/owl @zuu/ferret
101 silly isPackageDependentOf @zuu/mirror @zuu/ferret
102 silly isPackageDependentOf @zuu/vet @zuu/ferret
103 silly isPackageDependentOf @zuu/mirror @zuu/ferret
104 silly isPackageDependentOf @zuu/owl @zuu/mink
105 silly isPackageDependentOf @zuu/mirror @zuu/mink
106 silly isPackageDependentOf @zuu/vet @zuu/mink
107 silly isPackageDependentOf @zuu/mirror @zuu/mink
108 silly isPackageDependentOf @zuu/owl @zuu/mirror
109 verbose dependent @zuu/owl depends on @zuu/mirror
110 silly isPackageDependentOf @zuu/owl @zuu/owl
111 silly isPackageDependentOf @zuu/mirror @zuu/owl
112 silly isPackageDependentOf @zuu/vet @zuu/owl
113 silly isPackageDependentOf @zuu/mirror @zuu/owl
114 silly isPackageDependentOf @zuu/owl @zuu/vet
115 verbose dependent @zuu/owl depends on @zuu/vet
116 silly isPackageDependentOf @zuu/vet __
117 silly isPackageDependentOf @zuu/vet @zuu/bootstrap
118 silly isPackageDependentOf @zuu/vet @zuu/ferret
119 silly isPackageDependentOf @zuu/vet @zuu/mink
120 silly isPackageDependentOf @zuu/vet @zuu/mirror
121 verbose dependent @zuu/vet depends on @zuu/mirror
122 silly isPackageDependentOf @zuu/vet @zuu/owl
123 silly isPackageDependentOf @zuu/vet @zuu/vet
124 silly isPackageDependentOf @zuu/mirror @zuu/vet
125 silly collectUpdates
126 verbose has filtered update __
127 verbose has filtered update @zuu/bootstrap
128 verbose has filtered update @zuu/ferret
129 verbose has filtered update @zuu/mink
130 verbose has filtered update @zuu/mirror
131 verbose has filtered update @zuu/owl
132 verbose has filtered update @zuu/vet
133 silly initialize success
134 silly execute attempt
135 silly runScriptSync preversion undefined
136 silly runScriptSync preversion __
137 silly runScriptSync version __
138 silly runScriptSync preversion @zuu/bootstrap
139 silly runScriptSync version @zuu/bootstrap
140 silly runScriptSync preversion @zuu/ferret
141 silly runScriptSync version @zuu/ferret
142 silly runScriptSync preversion @zuu/mink
143 silly runScriptSync version @zuu/mink
144 silly runScriptSync preversion @zuu/mirror
145 silly runScriptSync version @zuu/mirror
146 silly runScriptSync preversion @zuu/owl
147 silly runScriptSync version @zuu/owl
148 silly runScriptSync preversion @zuu/vet
149 silly runScriptSync version @zuu/vet
150 silly runScriptSync version undefined
151 info publish Publishing packages to npm...
152 silly existsSync /Users/vex/p/zuu/packages/__/scripts/prepublish.js
153 verbose execScript No prepublish script found at /Users/vex/p/zuu/packages/__/scripts/prepublish.js
154 silly existsSync /Users/vex/p/zuu/packages/bootstrap/scripts/prepublish.js
155 verbose execScript No prepublish script found at /Users/vex/p/zuu/packages/bootstrap/scripts/prepublish.js
156 silly existsSync /Users/vex/p/zuu/packages/ferret/scripts/prepublish.js
157 verbose execScript No prepublish script found at /Users/vex/p/zuu/packages/ferret/scripts/prepublish.js
158 silly existsSync /Users/vex/p/zuu/packages/mink/scripts/prepublish.js
159 verbose execScript No prepublish script found at /Users/vex/p/zuu/packages/mink/scripts/prepublish.js
160 silly existsSync /Users/vex/p/zuu/packages/mirror/scripts/prepublish.js
161 verbose execScript No prepublish script found at /Users/vex/p/zuu/packages/mirror/scripts/prepublish.js
162 silly existsSync /Users/vex/p/zuu/packages/owl/scripts/prepublish.js
163 verbose execScript No prepublish script found at /Users/vex/p/zuu/packages/owl/scripts/prepublish.js
164 silly existsSync /Users/vex/p/zuu/packages/vet/scripts/prepublish.js
165 verbose execScript No prepublish script found at /Users/vex/p/zuu/packages/vet/scripts/prepublish.js
166 verbose publishing @zuu/mink
167 silly publishTaggedInDir latest mink
168 silly getExecOpts { cwd: '/Users/vex/p/zuu/packages/mink' }
169 verbose publishing @zuu/mirror
170 silly publishTaggedInDir latest mirror
171 silly getExecOpts { cwd: '/Users/vex/p/zuu/packages/mirror' }
172 error publish Retrying failed publish: @zuu/mink
173 verbose publish error undefined
174 verbose publishing @zuu/mink
175 silly publishTaggedInDir latest mink
176 silly getExecOpts { cwd: '/Users/vex/p/zuu/packages/mink' }
177 info published @zuu/mirror
178 silly existsSync /Users/vex/p/zuu/packages/mirror/scripts/postpublish.js
179 verbose execScript No postpublish script found at /Users/vex/p/zuu/packages/mirror/scripts/postpublish.js
180 error publish Retrying failed publish: @zuu/mink
181 verbose publish error undefined
182 verbose publishing @zuu/mink
183 silly publishTaggedInDir latest mink
184 silly getExecOpts { cwd: '/Users/vex/p/zuu/packages/mink' }
185 error publish Retrying failed publish: @zuu/mink
186 verbose publish error undefined
187 verbose publishing @zuu/mink
188 silly publishTaggedInDir latest mink
189 silly getExecOpts { cwd: '/Users/vex/p/zuu/packages/mink' }
190 error publish Retrying failed publish: @zuu/mink
191 verbose publish error undefined
192 verbose publishing @zuu/mink
193 silly publishTaggedInDir latest mink
194 silly getExecOpts { cwd: '/Users/vex/p/zuu/packages/mink' }
195 error publish Ran out of retries while publishing @zuu/mink Error: Command failed: npm publish --tag latest
195 error publish npm ERR! publish Failed PUT 402
195 error publish npm ERR! code E402
195 error publish npm ERR! You must sign up for private packages : @zuu/mink
195 error publish
195 error publish npm ERR! A complete log of this run can be found in:
195 error publish npm ERR!     /Users/vex/.npm/_logs/2018-07-07T13_24_07_782Z-debug.log
195 error publish
195 error publish     at Promise.all.then.arr (/Users/vex/.nvm/versions/node/v8.11.2/lib/node_modules/lerna/node_modules/execa/index.js:236:11)
195 error publish     at <anonymous>
195 error publish     at process._tickCallback (internal/process/next_tick.js:188:7)
196 error execute callback with error
197 error Error: Command failed: npm publish --tag latest
197 error npm ERR! publish Failed PUT 402
197 error npm ERR! code E402
197 error npm ERR! You must sign up for private packages : @zuu/mink
197 error
197 error npm ERR! A complete log of this run can be found in:
197 error npm ERR!     /Users/vex/.npm/_logs/2018-07-07T13_24_07_782Z-debug.log
197 error
197 error     at Promise.all.then.arr (/Users/vex/.nvm/versions/node/v8.11.2/lib/node_modules/lerna/node_modules/execa/index.js:236:11)
197 error     at <anonymous>
